<?xml version="1.0" encoding="utf-8"?><testsuites name="pytest tests"><testsuite name="pytest" errors="0" failures="0" skipped="0" tests="10" time="2.966" timestamp="2026-08-21T12:07:04.120801+00:00" hostname="agent-env-5305398e-f05f-4c91-87a1-ae5381dd8e25"><testcase classname="tests.test_custom_fees" name="test_create_player_with_custom_monthly_fee" time="0.325" /><testcase classname="tests.test_custom_fees" name="test_create_player_with_all_custom_fees" time="0.129" /><testcase classname="tests.test_custom_fees" name="test_create_player_no_fees_returns_null" time="0.148" /><testcase classname="tests.test_custom_fees" name="test_update_player_fees" time="0.272" /><testcase classname="tests.test_custom_fees" name="test_clear_monthly_fee_reverts_to_null" time="0.274" /><testcase classname="tests.test_custom_fees" name="test_negative_fee_returns_400" time="0.347" /><testcase classname="tests.test_custom_fees" name="test_update_name_and_type" time="0.213" /><testcase classname="tests.test_custom_fees" name="test_monthly_current_uses_custom_fee_in_total_previsto" time="0.191" /><testcase classname="tests.test_custom_fees" name="test_weekly_uses_custom_guest_and_churrasco_fee" time="0.487" /><testcase classname="tests.test_custom_fees" name="test_create_negative_fee_via_post" time="0.128" /></testsuite></testsuites>