<?xml version="1.0" encoding="utf-8"?><testsuites name="pytest tests"><testsuite name="pytest" errors="0" failures="0" skipped="0" tests="31" time="4.646" timestamp="2026-08-21T13:07:47.940350+00:00" hostname="agent-env-5305398e-f05f-4c91-87a1-ae5381dd8e25"><testcase classname="tests.test_auth_invites.TestAuth" name="test_setup_required_false" time="0.325" /><testcase classname="tests.test_auth_invites.TestProtectedRequireAuth" name="test_401_without_token[POST-/api/players-body0]" time="0.322" /><testcase classname="tests.test_auth_invites.TestProtectedRequireAuth" name="test_401_without_token[PUT-/api/players/xxx-body1]" time="0.239" /><testcase classname="tests.test_auth_invites.TestAuth" name="test_setup_409_when_admin_exists" time="0.156" /><testcase classname="tests.test_auth_invites.TestProtectedRequireAuth" name="test_401_without_token[DELETE-/api/players/xxx-None]" time="0.304" /><testcase classname="tests.test_auth_invites.TestProtectedRequireAuth" name="test_401_without_token[PUT-/api/monthly-body3]" time="0.160" /><testcase classname="tests.test_auth_invites.TestAuth" name="test_login_returns_token" time="0.438" /><testcase classname="tests.test_auth_invites.TestAuth" name="test_login_bad_creds_401" time="0.403" /><testcase classname="tests.test_auth_invites.TestProtectedRequireAuth" name="test_401_without_token[POST-/api/expenses-body4]" time="0.287" /><testcase classname="tests.test_auth_invites.TestProtectedRequireAuth" name="test_401_without_token[DELETE-/api/expenses/xxx-None]" time="0.207" /><testcase classname="tests.test_auth_invites.TestAuth" name="test_me_no_token_401" time="0.126" /><testcase classname="tests.test_auth_invites.TestAuth" name="test_me_bad_token_401" time="0.131" /><testcase classname="tests.test_auth_invites.TestProtectedRequireAuth" name="test_401_without_token[PUT-/api/settings/pix-body6]" time="0.126" /><testcase classname="tests.test_auth_invites.TestAuth" name="test_me_valid" time="0.149" /><testcase classname="tests.test_auth_invites.TestProtectedRequireAuth" name="test_401_without_token[PUT-/api/settings/team-body7]" time="0.160" /><testcase classname="tests.test_auth_invites.TestPublicEndpoints" name="test_get_players_public" time="0.158" /><testcase classname="tests.test_auth_invites.TestProtectedRequireAuth" name="test_401_without_token[GET-/api/invites-None]" time="0.243" /><testcase classname="tests.test_auth_invites.TestPublicEndpoints" name="test_current_week_public" time="0.163" /><testcase classname="tests.test_auth_invites.TestPublicEndpoints" name="test_monthly_current_public" time="0.168" /><testcase classname="tests.test_auth_invites.TestProtectedRequireAuth" name="test_401_without_token[DELETE-/api/invites/xxx-None]" time="0.132" /><testcase classname="tests.test_auth_invites.TestInvites" name="test_create_invite_public" time="0.180" /><testcase classname="tests.test_auth_invites.TestPublicEndpoints" name="test_expenses_public" time="0.210" /><testcase classname="tests.test_auth_invites.TestInvites" name="test_get_invite_404" time="0.175" /><testcase classname="tests.test_auth_invites.TestPublicEndpoints" name="test_attendance_public" time="0.481" /><testcase classname="tests.test_auth_invites.TestInvites" name="test_get_invite_ok" time="0.301" /><testcase classname="tests.test_auth_invites.TestProtectedWithToken" name="test_player_crud" time="0.434" /><testcase classname="tests.test_auth_invites.TestInvites" name="test_accept_invite_creates_player" time="1.046" /><testcase classname="tests.test_auth_invites.TestProtectedWithToken" name="test_settings_pix" time="0.145" /><testcase classname="tests.test_auth_invites.TestInvites" name="test_list_invites_admin" time="0.149" /><testcase classname="tests.test_auth_invites.TestPromote" name="test_promote_requires_auth" time="0.137" /><testcase classname="tests.test_auth_invites.TestPromote" name="test_promote_conflict_existing" time="0.151" /></testsuite></testsuites>